<?xml version="1.0" encoding="UTF-8"?>
<testng-results ignored="1" total="2" passed="1" failed="0" skipped="0">
  <reporter-output>
  </reporter-output>
  <suite started-at="2022-08-09T21:36:17 IST" name="Default suite" finished-at="2022-08-09T21:36:41 IST" duration-ms="23757">
    <groups>
    </groups>
    <test started-at="2022-08-09T21:36:17 IST" name="Default test" finished-at="2022-08-09T21:36:41 IST" duration-ms="23757">
      <class name="com.iris22a.ProductTests">
        <test-method is-config="true" signature="setUp(java.lang.String)[pri:0, instance:com.iris22a.ProductTests@42bc14c1]" started-at="2022-08-09T21:36:17 IST" name="setUp" finished-at="2022-08-09T21:36:21 IST" duration-ms="4112" status="PASS">
          <params>
            <param index="0">
              <value is-null="true"/>
            </param>
          </params>
          <reporter-output>
          </reporter-output>
        </test-method> <!-- setUp -->
        <test-method signature="VerifySearchResultForPoloMen()[pri:0, instance:com.iris22a.ProductTests@42bc14c1]" started-at="2022-08-09T21:36:22 IST" name="VerifySearchResultForPoloMen" finished-at="2022-08-09T21:36:40 IST" duration-ms="18619" status="PASS">
          <reporter-output>
          </reporter-output>
        </test-method> <!-- VerifySearchResultForPoloMen -->
        <test-method is-config="true" signature="tearDown()[pri:0, instance:com.iris22a.ProductTests@42bc14c1]" started-at="2022-08-09T21:36:40 IST" name="tearDown" finished-at="2022-08-09T21:36:41 IST" duration-ms="649" status="PASS">
          <reporter-output>
          </reporter-output>
        </test-method> <!-- tearDown -->
      </class> <!-- com.iris22a.ProductTests -->
    </test> <!-- Default test -->
  </suite> <!-- Default suite -->
</testng-results>
